time="2023-10-03 07:13:53" level=error msg="This is the test"
time="2023-10-03 07:13:53" level=error msg="failed to connect to `host=localhost user=postgres database=port=5432`: server error (FATAL: database \"port=5432\" does not exist (SQLSTATE 3D000))"
time="2023-10-03 07:16:52" level=error msg="This is the test"
time="2023-10-03 07:16:52" level=error msg="failed to connect to `host=localhost user=postgres database=port=5432`: server error (FATAL: database \"port=5432\" does not exist (SQLSTATE 3D000))"
time="2023-10-03 12:30:34" level=error msg="This is the test"
time="2023-10-03 12:30:34" level=error msg="failed to connect to `host=localhost user=postgres database=port=5432`: server error (FATAL: database \"port=5432\" does not exist (SQLSTATE 3D000))"
time="2023-10-03 12:46:52" level=error msg="This is the test"
time="2023-10-03 12:49:43" level=error msg="This is the test"
time="2023-10-04 06:20:19" level=error msg="This is the test"
time="2023-10-04 18:10:17" level=error msg="This is the test"
time="2023-10-04 18:12:59" level=error msg="user not found"
time="2023-10-07 13:51:03" level=error msg="This is the test"
time="2023-10-07 14:00:10" level=error msg="This is the test"
time="2023-10-07 14:01:21" level=error msg="user not found"
time="2023-10-07 14:21:21" level=error msg="This is the test"
time="2023-10-07 14:28:10" level=error msg="This is the test"
time="2023-10-07 14:36:45" level=error msg="user not found"
time="2023-10-08 21:44:27" level=error msg="This is the test"
time="2023-10-08 21:46:24" level=error msg="This is the test"
time="2023-10-08 22:04:31" level=error msg="This is the test"
time="2023-10-08 22:23:24" level=error msg="This is the test"
time="2023-10-08 22:38:35" level=error msg="record not found"
time="2023-10-08 22:49:48" level=error msg="This is the test"
time="2023-10-08 22:54:38" level=error msg="record not found"
time="2023-10-08 23:13:28" level=error msg="This is the test"
time="2023-10-08 23:16:14" level=error msg="This is the test"
time="2023-10-08 23:18:15" level=error msg="This is the test"
time="2023-10-08 23:19:11" level=error msg=EOF
time="2023-10-08 23:20:07" level=error msg="This is the test"
time="2023-10-09 17:30:19" level=error msg="This is the test"
time="2023-10-09 18:27:58" level=error msg="user not found"
